# JRE version: OpenJDK Runtime Environment (21.0.3) (build 21.0.3+-12282718-b509.11)
# Java VM: OpenJDK 64-Bit Server VM (21.0.3+-12282718-b509.11, mixed mode, tiered, compressed oops, compressed class ptrs, g1 gc, windows-amd64)
GC Precious Log:
 CardTable entry size: 512
 Card Set container configuration: InlinePtr #cards 5 size 8 Array Of Cards #cards 12 size 40 Howl #buckets 4 coarsen threshold 1843 Howl Bitmap #cards 512 size 80 coarsen threshold 460 Card regions per heap region 1 cards per card region 2048
 CPUs: 20 total, 20 available
 Memory: 7896M
 Large Page Support: Disabled
 NUMA Support: Disabled
 Compressed Oops: Enabled (32-bit)
 Heap Region Size: 1M
 Heap Min Capacity: 8M
 Heap Initial Capacity: 124M
 Heap Max Capacity: 2G
 Pre-touch: Disabled
 Parallel Workers: 15
 Concurrent Workers: 4
 Concurrent Refinement Workers: 15
 Periodic GC: Disabled
Heap:
 garbage-first heap   total 82944K, used 30910K [0x0000000080000000, 0x0000000100000000)
  region size 1024K, 13 young (13312K), 4 survivors (4096K)
 Metaspace       used 30576K, committed 31232K, reserved 1114112K
  class space    used 3999K, committed 4288K, reserved 1048576K
GC Heap History (8 events):
Event: 3.902 GC heap before
{Heap before GC invocations=0 (full 0):
 garbage-first heap   total 126976K, used 26624K [0x0000000080000000, 0x0000000100000000)
  region size 1024K, 23 young (23552K), 0 survivors (0K)
 Metaspace       used 10822K, committed 11008K, reserved 1114112K
  class space    used 1130K, committed 1216K, reserved 1048576K
}
Event: 3.913 GC heap after
{Heap after GC invocations=1 (full 0):
 garbage-first heap   total 126976K, used 10480K [0x0000000080000000, 0x0000000100000000)
  region size 1024K, 3 young (3072K), 3 survivors (3072K)
 Metaspace       used 10822K, committed 11008K, reserved 1114112K
  class space    used 1130K, committed 1216K, reserved 1048576K
}
Event: 4.266 GC heap before
{Heap before GC invocations=1 (full 0):
 garbage-first heap   total 126976K, used 39152K [0x0000000080000000, 0x0000000100000000)
  region size 1024K, 31 young (31744K), 3 survivors (3072K)
 Metaspace       used 11914K, committed 12032K, reserved 1114112K
  class space    used 1246K, committed 1280K, reserved 1048576K
}
Event: 4.270 GC heap after
{Heap after GC invocations=2 (full 0):
 garbage-first heap   total 126976K, used 12540K [0x0000000080000000, 0x0000000100000000)
  region size 1024K, 2 young (2048K), 2 survivors (2048K)
 Metaspace       used 11914K, committed 12032K, reserved 1114112K
  class space    used 1246K, committed 1280K, reserved 1048576K
}
Event: 6.070 GC heap before
{Heap before GC invocations=2 (full 0):
 garbage-first heap   total 126976K, used 50428K [0x0000000080000000, 0x0000000100000000)
  region size 1024K, 40 young (40960K), 2 survivors (2048K)
 Metaspace       used 21203K, committed 21504K, reserved 1114112K
  class space    used 2474K, committed 2624K, reserved 1048576K
}
Event: 6.076 GC heap after
{Heap after GC invocations=3 (full 0):
 garbage-first heap   total 126976K, used 19767K [0x0000000080000000, 0x0000000100000000)
  region size 1024K, 9 young (9216K), 9 survivors (9216K)
 Metaspace       used 21203K, committed 21504K, reserved 1114112K
  class space    used 2474K, committed 2624K, reserved 1048576K
}
Event: 6.925 GC heap before
{Heap before GC invocations=4 (full 0):
 garbage-first heap   total 71680K, used 68919K [0x0000000080000000, 0x0000000100000000)
  region size 1024K, 58 young (59392K), 9 survivors (9216K)
 Metaspace       used 29461K, committed 30080K, reserved 1114112K
  class space    used 3811K, committed 4096K, reserved 1048576K
}
Event: 6.931 GC heap after
{Heap after GC invocations=5 (full 0):
 garbage-first heap   total 82944K, used 22718K [0x0000000080000000, 0x0000000100000000)
  region size 1024K, 4 young (4096K), 4 survivors (4096K)
 Metaspace       used 29461K, committed 30080K, reserved 1114112K
  class space    used 3811K, committed 4096K, reserved 1048576K
}

