# JRE version: OpenJDK Runtime Environment (21.0.3) (build 21.0.3+-12282718-b509.11)
# Java VM: OpenJDK 64-Bit Server VM (21.0.3+-12282718-b509.11, mixed mode, tiered, compressed oops, compressed class ptrs, g1 gc, windows-amd64)
GC Precious Log:
 CardTable entry size: 512
 Card Set container configuration: InlinePtr #cards 5 size 8 Array Of Cards #cards 12 size 40 Howl #buckets 4 coarsen threshold 1843 Howl Bitmap #cards 512 size 80 coarsen threshold 460 Card regions per heap region 1 cards per card region 2048
 CPUs: 20 total, 20 available
 Memory: 7896M
 Large Page Support: Disabled
 NUMA Support: Disabled
 Compressed Oops: Enabled (32-bit)
 Heap Region Size: 1M
 Heap Min Capacity: 8M
 Heap Initial Capacity: 124M
 Heap Max Capacity: 2G
 Pre-touch: Disabled
 Parallel Workers: 15
 Concurrent Workers: 4
 Concurrent Refinement Workers: 15
 Periodic GC: Disabled
Heap:
 garbage-first heap   total 75776K, used 70298K [0x0000000080000000, 0x0000000100000000)
  region size 1024K, 61 young (62464K), 9 survivors (9216K)
 Metaspace       used 29748K, committed 30336K, reserved 1114112K
  class space    used 3866K, committed 4160K, reserved 1048576K
GC Heap History (6 events):
Event: 5.862 GC heap before
{Heap before GC invocations=0 (full 0):
 garbage-first heap   total 126976K, used 26624K [0x0000000080000000, 0x0000000100000000)
  region size 1024K, 23 young (23552K), 0 survivors (0K)
 Metaspace       used 10775K, committed 10944K, reserved 1114112K
  class space    used 1129K, committed 1216K, reserved 1048576K
}
Event: 5.871 GC heap after
{Heap after GC invocations=1 (full 0):
 garbage-first heap   total 126976K, used 10600K [0x0000000080000000, 0x0000000100000000)
  region size 1024K, 3 young (3072K), 3 survivors (3072K)
 Metaspace       used 10775K, committed 10944K, reserved 1114112K
  class space    used 1129K, committed 1216K, reserved 1048576K
}
Event: 8.299 GC heap before
{Heap before GC invocations=1 (full 0):
 garbage-first heap   total 126976K, used 39272K [0x0000000080000000, 0x0000000100000000)
  region size 1024K, 31 young (31744K), 3 survivors (3072K)
 Metaspace       used 11935K, committed 12032K, reserved 1114112K
  class space    used 1249K, committed 1280K, reserved 1048576K
}
Event: 8.303 GC heap after
{Heap after GC invocations=2 (full 0):
 garbage-first heap   total 126976K, used 11328K [0x0000000080000000, 0x0000000100000000)
  region size 1024K, 1 young (1024K), 1 survivors (1024K)
 Metaspace       used 11935K, committed 12032K, reserved 1114112K
  class space    used 1249K, committed 1280K, reserved 1048576K
}
Event: 9.114 GC heap before
{Heap before GC invocations=2 (full 0):
 garbage-first heap   total 126976K, used 54336K [0x0000000080000000, 0x0000000100000000)
  region size 1024K, 44 young (45056K), 1 survivors (1024K)
 Metaspace       used 21213K, committed 21504K, reserved 1114112K
  class space    used 2473K, committed 2624K, reserved 1048576K
}
Event: 9.119 GC heap after
{Heap after GC invocations=3 (full 0):
 garbage-first heap   total 126976K, used 19098K [0x0000000080000000, 0x0000000100000000)
  region size 1024K, 9 young (9216K), 9 survivors (9216K)
 Metaspace       used 21213K, committed 21504K, reserved 1114112K
  class space    used 2473K, committed 2624K, reserved 1048576K
}

