# JRE version: OpenJDK Runtime Environment (21.0.3) (build 21.0.3+-12282718-b509.11)
# Java VM: OpenJDK 64-Bit Server VM (21.0.3+-12282718-b509.11, mixed mode, tiered, compressed oops, compressed class ptrs, g1 gc, windows-amd64)
GC Precious Log:
 CardTable entry size: 512
 Card Set container configuration: InlinePtr #cards 5 size 8 Array Of Cards #cards 12 size 40 Howl #buckets 4 coarsen threshold 1843 Howl Bitmap #cards 512 size 80 coarsen threshold 460 Card regions per heap region 1 cards per card region 2048
 CPUs: 20 total, 20 available
 Memory: 7896M
 Large Page Support: Disabled
 NUMA Support: Disabled
 Compressed Oops: Enabled (32-bit)
 Heap Region Size: 1M
 Heap Min Capacity: 8M
 Heap Initial Capacity: 124M
 Heap Max Capacity: 2G
 Pre-touch: Disabled
 Parallel Workers: 15
 Concurrent Workers: 4
 Concurrent Refinement Workers: 15
 Periodic GC: Disabled
Heap:
 garbage-first heap   total 253952K, used 239410K [0x0000000080000000, 0x0000000100000000)
  region size 1024K, 112 young (114688K), 13 survivors (13312K)
 Metaspace       used 139872K, committed 142016K, reserved 1179648K
  class space    used 17957K, committed 19008K, reserved 1048576K
GC Heap History (20 events):
Event: 6.330 GC heap after
{Heap after GC invocations=25 (full 0):
 garbage-first heap   total 201728K, used 105916K [0x0000000080000000, 0x0000000100000000)
  region size 1024K, 5 young (5120K), 5 survivors (5120K)
 Metaspace       used 97445K, committed 99456K, reserved 1179648K
  class space    used 13034K, committed 14016K, reserved 1048576K
}
Event: 6.635 GC heap before
{Heap before GC invocations=26 (full 0):
 garbage-first heap   total 201728K, used 173500K [0x0000000080000000, 0x0000000100000000)
  region size 1024K, 70 young (71680K), 5 survivors (5120K)
 Metaspace       used 99985K, committed 101952K, reserved 1179648K
  class space    used 13297K, committed 14272K, reserved 1048576K
}
Event: 6.641 GC heap after
{Heap after GC invocations=27 (full 0):
 garbage-first heap   total 201728K, used 110372K [0x0000000080000000, 0x0000000100000000)
  region size 1024K, 9 young (9216K), 9 survivors (9216K)
 Metaspace       used 99985K, committed 101952K, reserved 1179648K
  class space    used 13297K, committed 14272K, reserved 1048576K
}
Event: 7.219 GC heap before
{Heap before GC invocations=27 (full 0):
 garbage-first heap   total 201728K, used 177956K [0x0000000080000000, 0x0000000100000000)
  region size 1024K, 75 young (76800K), 9 survivors (9216K)
 Metaspace       used 108219K, committed 110208K, reserved 1179648K
  class space    used 14139K, committed 15104K, reserved 1048576K
}
Event: 7.227 GC heap after
{Heap after GC invocations=28 (full 0):
 garbage-first heap   total 201728K, used 114590K [0x0000000080000000, 0x0000000100000000)
  region size 1024K, 10 young (10240K), 10 survivors (10240K)
 Metaspace       used 108219K, committed 110208K, reserved 1179648K
  class space    used 14139K, committed 15104K, reserved 1048576K
}
Event: 7.720 GC heap before
{Heap before GC invocations=28 (full 0):
 garbage-first heap   total 201728K, used 179102K [0x0000000080000000, 0x0000000100000000)
  region size 1024K, 73 young (74752K), 10 survivors (10240K)
 Metaspace       used 118284K, committed 120256K, reserved 1179648K
  class space    used 15191K, committed 16192K, reserved 1048576K
}
Event: 7.726 GC heap after
{Heap after GC invocations=29 (full 0):
 garbage-first heap   total 201728K, used 116842K [0x0000000080000000, 0x0000000100000000)
  region size 1024K, 7 young (7168K), 7 survivors (7168K)
 Metaspace       used 118284K, committed 120256K, reserved 1179648K
  class space    used 15191K, committed 16192K, reserved 1048576K
}
Event: 8.104 GC heap before
{Heap before GC invocations=30 (full 0):
 garbage-first heap   total 201728K, used 183402K [0x0000000080000000, 0x0000000100000000)
  region size 1024K, 71 young (72704K), 7 survivors (7168K)
 Metaspace       used 122132K, committed 124224K, reserved 1179648K
  class space    used 15615K, committed 16640K, reserved 1048576K
}
Event: 8.113 GC heap after
{Heap after GC invocations=31 (full 0):
 garbage-first heap   total 201728K, used 122295K [0x0000000080000000, 0x0000000100000000)
  region size 1024K, 8 young (8192K), 8 survivors (8192K)
 Metaspace       used 122132K, committed 124224K, reserved 1179648K
  class space    used 15615K, committed 16640K, reserved 1048576K
}
Event: 8.668 GC heap before
{Heap before GC invocations=31 (full 0):
 garbage-first heap   total 201728K, used 181687K [0x0000000080000000, 0x0000000100000000)
  region size 1024K, 66 young (67584K), 8 survivors (8192K)
 Metaspace       used 125408K, committed 127488K, reserved 1179648K
  class space    used 15997K, committed 17024K, reserved 1048576K
}
Event: 8.675 GC heap after
{Heap after GC invocations=32 (full 0):
 garbage-first heap   total 201728K, used 118233K [0x0000000080000000, 0x0000000100000000)
  region size 1024K, 2 young (2048K), 2 survivors (2048K)
 Metaspace       used 125408K, committed 127488K, reserved 1179648K
  class space    used 15997K, committed 17024K, reserved 1048576K
}
Event: 9.324 GC heap before
{Heap before GC invocations=32 (full 0):
 garbage-first heap   total 201728K, used 184793K [0x0000000080000000, 0x0000000100000000)
  region size 1024K, 68 young (69632K), 2 survivors (2048K)
 Metaspace       used 135011K, committed 137152K, reserved 1179648K
  class space    used 17382K, committed 18432K, reserved 1048576K
}
Event: 9.329 GC heap after
{Heap after GC invocations=33 (full 0):
 garbage-first heap   total 201728K, used 122683K [0x0000000080000000, 0x0000000100000000)
  region size 1024K, 6 young (6144K), 6 survivors (6144K)
 Metaspace       used 135011K, committed 137152K, reserved 1179648K
  class space    used 17382K, committed 18432K, reserved 1048576K
}
Event: 10.021 GC heap before
{Heap before GC invocations=34 (full 0):
 garbage-first heap   total 208896K, used 183099K [0x0000000080000000, 0x0000000100000000)
  region size 1024K, 66 young (67584K), 6 survivors (6144K)
 Metaspace       used 139086K, committed 141248K, reserved 1179648K
  class space    used 17897K, committed 18944K, reserved 1048576K
}
Event: 10.028 GC heap after
{Heap after GC invocations=35 (full 0):
 garbage-first heap   total 250880K, used 129022K [0x0000000080000000, 0x0000000100000000)
  region size 1024K, 8 young (8192K), 8 survivors (8192K)
 Metaspace       used 139086K, committed 141248K, reserved 1179648K
  class space    used 17897K, committed 18944K, reserved 1048576K
}
Event: 10.240 GC heap before
{Heap before GC invocations=35 (full 0):
 garbage-first heap   total 250880K, used 223230K [0x0000000080000000, 0x0000000100000000)
  region size 1024K, 101 young (103424K), 8 survivors (8192K)
 Metaspace       used 139345K, committed 141504K, reserved 1179648K
  class space    used 17901K, committed 18944K, reserved 1048576K
}
Event: 10.247 GC heap after
{Heap after GC invocations=36 (full 0):
 garbage-first heap   total 250880K, used 127834K [0x0000000080000000, 0x0000000100000000)
  region size 1024K, 9 young (9216K), 9 survivors (9216K)
 Metaspace       used 139345K, committed 141504K, reserved 1179648K
  class space    used 17901K, committed 18944K, reserved 1048576K
}
Event: 10.348 GC heap before
{Heap before GC invocations=36 (full 0):
 garbage-first heap   total 250880K, used 156506K [0x0000000080000000, 0x0000000100000000)
  region size 1024K, 39 young (39936K), 9 survivors (9216K)
 Metaspace       used 139702K, committed 141888K, reserved 1179648K
  class space    used 17953K, committed 19008K, reserved 1048576K
}
Event: 10.353 GC heap after
{Heap after GC invocations=37 (full 0):
 garbage-first heap   total 250880K, used 128818K [0x0000000080000000, 0x0000000100000000)
  region size 1024K, 6 young (6144K), 6 survivors (6144K)
 Metaspace       used 139702K, committed 141888K, reserved 1179648K
  class space    used 17953K, committed 19008K, reserved 1048576K
}
Event: 10.658 GC heap before
{Heap before GC invocations=38 (full 0):
 garbage-first heap   total 250880K, used 239410K [0x0000000080000000, 0x0000000100000000)
  region size 1024K, 105 young (107520K), 6 survivors (6144K)
 Metaspace       used 139872K, committed 142016K, reserved 1179648K
  class space    used 17957K, committed 19008K, reserved 1048576K
}

